<?xml version="1.0" encoding="UTF-8" ?>
<testsuite tests="5" failures="1" name="tests.LoginTest" time="3.477" errors="0" skipped="0">
  <properties>
[...]
</properties>
  <testcase classname="tests.LoginTest" name="validate_valid_user_login" time="1.44"/>
  <testcase classname="tests.LoginTest" name="validate_locked_out_user_login_failure" time="0.481"/>
  <testcase classname="tests.LoginTest" name="validate_invalid_password_login_failure" time="0.457"/>
  <testcase classname="tests.LoginTest" name="validate_empty_field_login_failure" time="0.543">
    <failure message="expected [true] but found [false]" type="java.lang.AssertionError">java.lang.AssertionError: expected [true] but found [false]
	at org.testng.Assert.fail(Assert.java:97)
	at org.testng.Assert.failNotEquals(Assert.java:969)
	at org.testng.Assert.assertTrue(Assert.java:43)
	at org.testng.Assert.assertTrue(Assert.java:53)
	at pages.LoginPage.hasEmptyFieldsError(LoginPage.java:61)
	at tests.LoginTest.validate_empty_field_login_failure(LoginTest.java:61)
</failure>
  </testcase>
  <testcase classname="tests.LoginTest" name="validate_broken_images_for_problem_user" time="0.556"/>
</testsuite>